2024-12-31 10:16:01 info: Connected to SQLite database.
2024-12-31 10:16:02 info: User /createwallet: upwithkendrick (6940263311)
2024-12-31 10:18:22 info: Connected to SQLite database.
2024-12-31 10:18:24 info: User /createwallet: upwithkendrick (6940263311)
2024-12-31 10:24:19 info: Connected to SQLite database.
2024-12-31 10:24:21 info: User /createwallet: upwithkendrick (6940263311)
2024-12-31 10:25:47 info: Connected to SQLite database.
2024-12-31 10:25:48 info: User /createwallet: upwithkendrick (6940263311)
2024-12-31 10:32:52 info: Connected to SQLite database.
2024-12-31 10:32:53 info: User /createwallet: upwithkendrick (6940263311)
2024-12-31 10:34:45 info: Connected to SQLite database.
2024-12-31 10:34:46 info: User /createwallet: upwithkendrick (6940263311)
2024-12-31 10:38:10 info: Connected to SQLite database.
2024-12-31 10:38:11 info: User /createwallet: upwithkendrick (6940263311)
2024-12-31 10:38:36 info: User /start: doowill (1277452628)
2024-12-31 10:38:47 info: User /createwallet: doowill (1277452628)
2024-12-31 10:38:59 info: User /balance: doowill (1277452628)
2024-12-31 10:40:08 info: User /balance: doowill (1277452628)
2024-12-31 10:40:25 info: User /withdraw: doowill (1277452628)
2024-12-31 10:41:21 error: Error withdrawing SOL: userKeypair.signTransaction is not a function
2024-12-31 10:45:23 info: User /buy: doowill (1277452628)
2024-12-31 10:45:49 error: Error performing swap: Request failed with status code 520
2024-12-31 10:46:12 info: User /sell: doowill (1277452628)
2024-12-31 10:46:50 info: User /importwallet: doowill (1277452628)
2024-12-31 10:47:01 error: Error importing wallet: bad secret key size
2024-12-31 10:51:17 info: User /balance: doowill (1277452628)
2024-12-31 10:51:51 info: Connected to SQLite database.
2024-12-31 10:54:25 info: Connected to SQLite database.
2024-12-31 10:55:16 info: Connected to SQLite database.
2024-12-31 10:55:17 info: User /balance: doowill (1277452628)
2024-12-31 10:55:17 info: User /balance: doowill (1277452628)
2024-12-31 10:55:38 info: User /withdraw: doowill (1277452628)
2024-12-31 10:56:02 info: Withdrawal successful! Transaction ID: 4qz8S72pAmiybV7c8W2hRAy3CDwdw4y6DqeQ3GXSnRfror6wvv2pJV1SdcmJjRfwqekZPv8yUad44JzVUQa45Bku
2024-12-31 10:56:46 info: User /balance: doowill (1277452628)
2024-12-31 10:58:40 info: User /buy: doowill (1277452628)
2024-12-31 10:59:05 error: Error performing swap: Request failed with status code 520
2024-12-31 11:19:14 info: User /sell: doowill (1277452628)
2024-12-31 11:19:26 info: User /sell: doowill (1277452628)
2024-12-31 11:19:39 info: User /sell: doowill (1277452628)
2024-12-31 11:21:55 error: Error performing swap: Request failed with status code 520
2024-12-31 11:22:25 info: User /balance: doowill (1277452628)
2024-12-31 11:22:57 info: User /buy: doowill (1277452628)
2024-12-31 11:23:11 error: Error performing swap: Request failed with status code 500
2024-12-31 11:29:44 info: Connected to SQLite database.
2024-12-31 11:29:57 info: User /sell: doowill (1277452628)
2024-12-31 11:30:17 error: Error performing swap: Request failed with status code 520
2024-12-31 11:32:11 info: User /sell: doowill (1277452628)
2024-12-31 11:32:16 info: User /buy: doowill (1277452628)
2024-12-31 11:32:41 error: Error performing swap: Request failed with status code 520
2024-12-31 11:36:21 info: Connected to SQLite database.
2024-12-31 11:36:33 info: User /buy: doowill (1277452628)
2024-12-31 11:37:38 info: Performing swap with parameters:
2024-12-31 11:38:45 error: Error performing swap: Request failed with status code 520
2024-12-31 11:48:35 info: Connected to SQLite database.
2024-12-31 11:48:41 info: User /balance: doowill (1277452628)
2024-12-31 11:48:49 info: User /sell: doowill (1277452628)
2024-12-31 11:49:20 error: Error performing swap: Request failed with status code 520
2024-12-31 11:49:20 warn: Aggregator returned a 5xx error. Retrying swap with higher slippage (6%)...
2024-12-31 11:49:25 error: Error performing swap: Request failed with status code 500
2024-12-31 11:49:25 warn: Aggregator returned a 5xx error. Retrying swap with higher slippage (11%)...
2024-12-31 11:49:25 error: Error performing swap: Request failed with status code 500
2024-12-31 12:10:08 info: Connected to SQLite database.
2024-12-31 12:10:36 info: User /start: doowill (1277452628)
2024-12-31 12:11:13 info: callback_query from user doowill => REFRESH_MAIN
2024-12-31 12:11:22 info: callback_query from user doowill => TOGGLE_AUTO
2024-12-31 12:11:37 info: callback_query from user doowill => WITHDRAW
2024-12-31 12:17:42 info: callback_query from user doowill => SELL_MENU
2024-12-31 12:24:39 info: Telegram bot started...
2024-12-31 12:24:39 info: Connected to SQLite database.
2024-12-31 12:25:15 info: /start from user doowill (1277452628)
2024-12-31 12:25:27 info: callback_query: userRow=E4Wt45q2MKUZcubo56LMR2tUCrkEJ9ZZodFBzNqBuMVU, data=REFRESH
2024-12-31 12:25:34 info: callback_query: userRow=E4Wt45q2MKUZcubo56LMR2tUCrkEJ9ZZodFBzNqBuMVU, data=SETTINGS_MENU
2024-12-31 12:25:36 info: callback_query: userRow=E4Wt45q2MKUZcubo56LMR2tUCrkEJ9ZZodFBzNqBuMVU, data=VIEW_PRIVKEY
2024-12-31 12:25:40 info: callback_query: userRow=E4Wt45q2MKUZcubo56LMR2tUCrkEJ9ZZodFBzNqBuMVU, data=BACK_MAIN
2024-12-31 12:25:46 info: callback_query: userRow=E4Wt45q2MKUZcubo56LMR2tUCrkEJ9ZZodFBzNqBuMVU, data=CHECK_BAL
2024-12-31 12:33:10 info: Telegram bot started...
2024-12-31 12:33:10 info: Connected to SQLite database.
2024-12-31 12:34:19 info: User /start => 1277452628
2024-12-31 12:34:58 info: callback_query => SELL_MENU
2024-12-31 12:35:08 info: callback_query => BACK_MAIN
2024-12-31 12:35:16 info: callback_query => CHECK_BAL
2024-12-31 12:35:22 info: callback_query => BACK_MAIN
2024-12-31 12:41:36 info: callback_query => SETTINGS_MENU
2024-12-31 12:41:43 info: callback_query => BACK_MAIN
2024-12-31 12:46:36 info: User /start => 7904990459
2024-12-31 12:47:31 info: callback_query => IMPORT_WALLET
2024-12-31 12:47:45 info: callback_query => REFRESH
2024-12-31 12:47:47 error: Error editing message: ETELEGRAM: 400 Bad Request: message is not modified: specified new message content and reply markup are exactly the same as a current content and reply markup of the message
2024-12-31 12:48:34 info: callback_query => CHECK_BAL
2024-12-31 12:48:42 info: callback_query => BACK_MAIN
2024-12-31 13:01:37 info: Telegram bot started...
2024-12-31 13:01:37 info: Connected to SQLite database.
2024-12-31 13:02:19 info: /start => 1277452628
2024-12-31 13:03:16 info: /start => 1277452628
2024-12-31 13:03:39 info: Telegram bot started...
2024-12-31 13:03:39 info: Connected to SQLite database.
2024-12-31 13:03:46 info: /start => 1277452628
2024-12-31 13:04:36 info: Telegram bot started...
2024-12-31 13:04:36 info: Connected to SQLite database.
2024-12-31 13:04:37 info: /start => 1277452628
2024-12-31 13:04:37 info: callback_query => SHOW_HELP
2024-12-31 13:09:18 info: Telegram bot started...
2024-12-31 13:09:18 info: Connected to SQLite database.
2024-12-31 13:09:19 info: /start => 1277452628
2024-12-31 13:09:19 info: /start => 1277452628
2024-12-31 13:09:19 info: /start => 1277452628
2024-12-31 13:20:54 info: /start => 1277452628
2024-12-31 13:21:12 info: Telegram bot started...
2024-12-31 13:21:12 info: Connected to SQLite database.
2024-12-31 13:21:24 info: /start => 1277452628
2024-12-31 13:21:35 info: callback_query => CHECK_BAL
2024-12-31 13:21:40 info: callback_query => BACK_MAIN
2024-12-31 13:21:43 info: callback_query => AUTO_TRADE
2024-12-31 13:21:50 info: callback_query => AUTO_TRADE
2024-12-31 13:21:51 error: Error fetching SOL price in USD: Request failed with status code 429
2024-12-31 13:21:53 error: Error fetching SOL price in USD: Request failed with status code 429
2024-12-31 13:21:58 info: callback_query => WITHDRAW_MENU
2024-12-31 13:22:55 info: /start => 1277452628
2024-12-31 13:22:59 info: callback_query => WITHDRAW_MENU
2024-12-31 13:23:34 info: Withdrawal successful! TX: Le272x4w21upKwLWMjbnX2PcFkqujZw1vzLHG7D5MH5h7NR3cS731N5RUY2aZwkNjMmLVDq7aeZ5ffrTmb5FSyj
2024-12-31 13:23:47 info: callback_query => REFRESH
2024-12-31 13:38:48 info: Telegram bot started...
2024-12-31 13:38:48 info: Connected to SQLite database.
2024-12-31 13:39:00 info: /start => 7904990459
2024-12-31 13:39:11 info: callback_query => CHECK_BAL
2024-12-31 13:39:20 info: callback_query => SETTINGS_MENU
2024-12-31 13:39:25 info: callback_query => REMOVE_WALLET
2024-12-31 13:39:30 info: callback_query => BACK_MAIN
2024-12-31 13:39:33 info: callback_query => BACK_MAIN
2024-12-31 13:39:37 info: callback_query => IMPORT_WALLET
2024-12-31 13:40:14 error: Non-base58 character
2024-12-31 13:40:14 info: /start => 7904990459
2024-12-31 13:40:17 info: callback_query => IMPORT_WALLET
2024-12-31 13:40:52 info: /start => 7904990459
2024-12-31 13:41:00 info: callback_query => CHECK_BAL
2024-12-31 13:41:08 info: callback_query => BACK_MAIN
2024-12-31 13:41:13 info: callback_query => REFRESH
2024-12-31 13:41:14 error: Error editing message: ETELEGRAM: 400 Bad Request: message is not modified: specified new message content and reply markup are exactly the same as a current content and reply markup of the message
2024-12-31 13:41:16 info: callback_query => SELL_MENU
2024-12-31 13:41:19 info: callback_query => BACK_MAIN
2024-12-31 13:41:29 info: callback_query => AUTO_TRADE
2024-12-31 13:41:52 info: callback_query => SETTINGS_MENU
2024-12-31 13:41:54 info: callback_query => REMOVE_WALLET
2024-12-31 13:42:21 info: callback_query => BACK_MAIN
2024-12-31 13:42:26 info: callback_query => CREATE_WALLET
2024-12-31 13:42:26 info: Creating new keypair...
2024-12-31 13:49:55 info: Telegram bot started...
2024-12-31 13:49:55 info: Connected to SQLite database.
2024-12-31 13:50:07 info: callback_query => SETTINGS_MENU
2024-12-31 13:50:12 info: callback_query => BACK_MAIN
2024-12-31 13:50:14 info: callback_query => BACK_MAIN
2024-12-31 13:50:15 error: Error editing message: ETELEGRAM: 400 Bad Request: message is not modified: specified new message content and reply markup are exactly the same as a current content and reply markup of the message
2024-12-31 13:50:18 info: callback_query => SETTINGS_MENU
2024-12-31 13:50:19 info: callback_query => SET_PIN
2024-12-31 13:57:12 info: Telegram bot started...
2024-12-31 13:57:12 info: Connected to SQLite database.
2024-12-31 13:57:13 info: /start => 7904990459
2024-12-31 13:57:24 info: callback_query => SETTINGS_MENU
2024-12-31 13:57:27 info: callback_query => VIEW_PRIVKEY
2024-12-31 13:57:32 info: callback_query => SET_PIN
2024-12-31 13:57:36 error: Failed to set PIN: SQLITE_ERROR: no such column: pin
2024-12-31 13:57:43 info: callback_query => SET_PIN
2024-12-31 13:57:48 error: Failed to set PIN: SQLITE_ERROR: no such column: pin
2024-12-31 13:57:51 info: callback_query => SET_PIN
2024-12-31 13:57:55 error: Failed to set PIN: SQLITE_ERROR: no such column: pin
2024-12-31 13:57:57 info: callback_query => VIEW_PRIVKEY
2024-12-31 13:57:59 info: callback_query => REMOVE_WALLET
2024-12-31 13:58:03 info: callback_query => BACK_MAIN
2024-12-31 13:58:07 info: callback_query => SETTINGS_MENU
2024-12-31 13:58:40 info: Telegram bot started...
2024-12-31 13:58:40 info: Connected to SQLite database.
2024-12-31 13:58:42 info: callback_query => BACK_MAIN
2024-12-31 13:58:47 info: callback_query => SETTINGS_MENU
2024-12-31 13:58:49 info: callback_query => REMOVE_WALLET
2024-12-31 13:59:04 info: Telegram bot started...
2024-12-31 13:59:04 info: Connected to SQLite database.
2024-12-31 13:59:07 info: /start => 7904990459
2024-12-31 13:59:12 info: callback_query => CREATE_WALLET
2024-12-31 13:59:12 info: Creating new keypair...
2024-12-31 13:59:21 info: callback_query => SETTINGS_MENU
2024-12-31 13:59:23 info: callback_query => SET_PIN
2024-12-31 13:59:25 error: Failed to set PIN: SQLITE_ERROR: no such column: pin
2024-12-31 13:59:30 info: callback_query => REMOVE_WALLET
2024-12-31 14:04:28 info: Telegram bot started...
2024-12-31 14:04:28 info: Connected to SQLite database.
2024-12-31 14:04:28 info: Added 'pin' column to users table.
2024-12-31 14:04:37 info: callback_query => BACK_MAIN
2024-12-31 14:04:42 info: callback_query => CHECK_BAL
2024-12-31 14:04:45 info: callback_query => BACK_MAIN
2024-12-31 14:04:47 info: callback_query => SETTINGS_MENU
2024-12-31 14:04:49 info: callback_query => SET_PIN
2024-12-31 14:04:53 info: callback_query => VIEW_PRIVKEY
2024-12-31 14:04:58 info: callback_query => SET_PIN
2024-12-31 14:05:04 info: callback_query => BACK_MAIN
2024-12-31 14:05:07 info: callback_query => SETTINGS_MENU
2024-12-31 14:05:09 info: callback_query => VIEW_PRIVKEY
2024-12-31 14:05:16 info: callback_query => BACK_MAIN
2024-12-31 14:05:21 info: callback_query => SETTINGS_MENU
2024-12-31 14:05:23 info: callback_query => VIEW_PRIVKEY
2024-12-31 14:05:32 info: callback_query => BACK_MAIN
2024-12-31 14:05:35 info: callback_query => SETTINGS_MENU
2024-12-31 14:05:37 info: callback_query => SET_PIN
2024-12-31 14:23:36 info: callback_query => BACK_MAIN
2024-12-31 14:29:50 info: Telegram bot started...
2024-12-31 14:29:50 info: Connected to SQLite database.
2024-12-31 14:30:08 info: callback_query => BACK_MAIN
2024-12-31 14:30:12 info: callback_query => SETTINGS_MENU
2024-12-31 14:30:16 info: callback_query => RESET_PIN
2024-12-31 14:30:26 info: callback_query => SETTINGS_MENU
2024-12-31 14:30:29 info: callback_query => RESET_PIN
2024-12-31 14:30:36 info: callback_query => SETTINGS_MENU
2024-12-31 14:30:42 info: callback_query => VIEW_PRIVKEY
2024-12-31 14:30:48 info: callback_query => BACK_MAIN
2024-12-31 14:30:51 info: callback_query => AUTO_TRADE
2024-12-31 14:31:10 info: callback_query => WITHDRAW_MENU
2024-12-31 15:02:35 info: callback_query => SETTINGS_MENU
2024-12-31 15:02:37 info: callback_query => BACK_MAIN
2024-12-31 15:02:41 info: callback_query => CHECK_BAL
2024-12-31 15:02:52 info: callback_query => BACK_MAIN
2024-12-31 15:02:53 error: Error fetching SOL price: Request failed with status code 429
2024-12-31 15:03:03 info: callback_query => SHOW_HELP
2024-12-31 15:03:11 info: /start => 1277452628
2024-12-31 15:03:13 error: Error fetching SOL price: Request failed with status code 429
2024-12-31 15:03:17 info: callback_query => REFRESH
2024-12-31 15:03:18 error: Error fetching SOL price: Request failed with status code 429
2024-12-31 15:03:18 error: Error editing message: ETELEGRAM: 400 Bad Request: message is not modified: specified new message content and reply markup are exactly the same as a current content and reply markup of the message
2024-12-31 15:03:24 info: callback_query => BUY_MENU
2024-12-31 15:03:32 info: callback_query => BACK_MAIN
2024-12-31 15:03:34 error: Error fetching SOL price: Request failed with status code 429
2024-12-31 15:03:36 info: callback_query => SELL_MENU
2024-12-31 15:03:39 info: callback_query => SELL_TOKEN_4zMMC9srt5Ri5X14GAgXhaHii3GnPAEERYPJgZJDncDU
2024-12-31 15:03:46 info: callback_query => SELL_TOKEN_4zMMC9srt5Ri5X14GAgXhaHii3GnPAEERYPJgZJDncDU
2024-12-31 15:03:55 info: callback_query => SELL_TOKEN_4zMMC9srt5Ri5X14GAgXhaHii3GnPAEERYPJgZJDncDU
2024-12-31 15:04:10 info: /start => 6940263311
2024-12-31 15:04:15 info: callback_query => SETTINGS_MENU
2024-12-31 15:04:18 error: Swap attempt 1 failed: Request failed with status code 500
2024-12-31 15:04:18 info: callback_query => BACK_MAIN
2024-12-31 15:04:18 error: Swap attempt 2 failed: Request failed with status code 500
2024-12-31 15:04:18 error: Swap attempt 3 failed: Request failed with status code 500
2024-12-31 15:04:18 error: All attempts to swap failed. Request failed with status code 500
2024-12-31 15:04:20 info: callback_query => AUTO_TRADE
2024-12-31 15:04:23 info: callback_query => BACK_MAIN
2024-12-31 15:04:26 info: callback_query => CHECK_BAL
2024-12-31 15:04:33 info: /start => 6940263311
2024-12-31 15:04:34 error: Error fetching SOL price: Request failed with status code 429
2024-12-31 15:07:59 info: callback_query => CHECK_BAL
2024-12-31 15:08:04 info: callback_query => BACK_MAIN
2024-12-31 15:08:08 info: callback_query => WITHDRAW_MENU
2024-12-31 15:08:11 info: callback_query => BACK_MAIN
2024-12-31 15:08:14 info: callback_query => BUY_MENU
2024-12-31 17:18:00 info: callback_query => BACK_MAIN
2024-12-31 17:18:04 info: callback_query => CHECK_BAL
2024-12-31 17:18:11 info: callback_query => BACK_MAIN
2024-12-31 17:18:23 info: callback_query => SETTINGS_MENU
2024-12-31 17:18:29 info: callback_query => BACK_MAIN
2024-12-31 17:18:37 info: callback_query => SHOW_HELP
2024-12-31 17:18:50 info: /start => 6940263311
2024-12-31 17:18:52 error: Error fetching SOL price: Request failed with status code 429
2024-12-31 17:20:18 info: callback_query => BACK_MAIN
2024-12-31 17:20:26 info: callback_query => SETTINGS_MENU
2024-12-31 17:20:36 info: callback_query => SET_PIN
2024-12-31 17:20:40 info: callback_query => BACK_MAIN
2024-12-31 17:20:44 info: callback_query => AUTO_TRADE
2024-12-31 17:20:47 info: callback_query => BACK_MAIN
2024-12-31 17:20:54 info: callback_query => SELL_MENU
2024-12-31 17:20:59 info: callback_query => BACK_MAIN
2024-12-31 17:21:02 info: callback_query => BUY_MENU
2024-12-31 17:21:09 info: callback_query => BACK_MAIN
2024-12-31 17:21:44 info: callback_query => WITHDRAW_MENU
2024-12-31 17:21:52 info: callback_query => BACK_MAIN
2024-12-31 23:03:52 info: callback_query => BACK_MAIN
2024-12-31 23:04:08 info: callback_query => REFRESH
2024-12-31 23:04:10 error: Error editing message: ETELEGRAM: 400 Bad Request: message is not modified: specified new message content and reply markup are exactly the same as a current content and reply markup of the message
2024-12-31 23:04:21 info: callback_query => REFRESH
2024-12-31 23:04:23 error: Error editing message: ETELEGRAM: 400 Bad Request: message is not modified: specified new message content and reply markup are exactly the same as a current content and reply markup of the message
2024-12-31 23:04:25 info: callback_query => AUTO_TRADE
2024-12-31 23:04:32 info: callback_query => BACK_MAIN
2024-12-31 23:04:37 info: callback_query => SETTINGS_MENU
2024-12-31 23:04:49 info: callback_query => VIEW_PRIVKEY
2024-12-31 23:04:55 info: callback_query => SET_PIN
2024-12-31 23:05:01 info: callback_query => SETTINGS_MENU
2024-12-31 23:05:07 info: callback_query => REMOVE_WALLET
2024-12-31 23:05:12 info: callback_query => VIEW_PRIVKEY
2024-12-31 23:05:44 info: callback_query => BACK_MAIN
2024-12-31 23:06:01 info: callback_query => BACK_MAIN
2024-12-31 23:06:21 info: /start => 1277452628
2024-12-31 23:06:28 info: callback_query => CREATE_WALLET
2024-12-31 23:06:28 info: Creating new keypair...
2024-12-31 23:06:42 info: callback_query => REFRESH
2024-12-31 23:06:53 error: Error fetching SOL balance: failed to get balance of account A6epYKus6vkojnYtvErAAjTkR5svgcvMsmzAwctKQezU: TypeError: fetch failed
2024-12-31 23:07:14 error: Error fetching SOL price: connect ETIMEDOUT 172.67.12.83:443
2024-12-31 23:07:36 error: Error editing message: EFATAL: Error: connect ETIMEDOUT 149.154.167.220:443
2024-12-31 23:07:47 info: callback_query => AUTO_TRADE
2025-01-01 08:27:03 info: Telegram bot started...
2025-01-01 08:27:03 info: Connected to SQLite database.
2025-01-01 08:27:30 info: callback_query => SETTINGS_MENU
2025-01-01 08:27:34 info: callback_query => RESET_PIN
2025-01-01 08:27:47 info: callback_query => SET_PIN
2025-01-01 08:27:53 info: callback_query => SETTINGS_MENU
2025-01-01 08:27:57 info: callback_query => VIEW_PRIVKEY
2025-01-01 08:28:03 info: callback_query => BACK_MAIN
2025-01-01 08:28:20 info: callback_query => AUTO_TRADE
2025-01-01 08:28:25 info: callback_query => BACK_MAIN
2025-01-01 08:28:34 info: callback_query => WITHDRAW_MENU
2025-01-01 08:28:41 info: callback_query => CHECK_BAL
2025-01-01 08:28:48 info: callback_query => BACK_MAIN
2025-01-01 08:29:03 info: callback_query => REFRESH
2025-01-01 08:29:04 error: Error editing message: ETELEGRAM: 400 Bad Request: message is not modified: specified new message content and reply markup are exactly the same as a current content and reply markup of the message
2025-01-01 08:29:25 info: callback_query => SETTINGS_MENU
2025-01-01 08:29:28 info: callback_query => REMOVE_WALLET
2025-01-01 08:34:20 info: Telegram bot started...
2025-01-01 08:34:20 info: Connected to SQLite database.
2025-01-01 08:34:22 info: /start => 1277452628
2025-01-01 08:34:32 info: Telegram bot started...
2025-01-01 08:34:32 info: Connected to SQLite database.
2025-01-01 08:34:33 info: /start => 1277452628
2025-01-01 08:36:14 info: Telegram bot started...
2025-01-01 08:36:14 info: Connected to SQLite database.
2025-01-01 08:36:15 info: /start => 1277452628
2025-01-01 08:36:21 info: callback_query => CREATE_WALLET
2025-01-01 08:36:21 info: Creating new keypair...
2025-01-01 08:36:28 info: callback_query => SETTINGS_MENU
2025-01-01 08:36:32 info: callback_query => REMOVE_WALLET
2025-01-01 08:36:34 info: callback_query => SET_PIN
2025-01-01 08:36:40 info: callback_query => REMOVE_WALLET
2025-01-01 08:36:54 info: /start => 1277452628
2025-01-01 08:36:57 info: callback_query => IMPORT_WALLET
2025-01-01 08:38:28 info: callback_query => WITHDRAW_MENU
2025-01-01 08:39:39 info: Withdrawal successful! TX: 2QyvMfBXqkbWcUrPk6yjSSTw6Nk94Th666yyxwRxPFXw2g5ujvJ1eL5ne9h2ss5VUBMvwQ9Ju44PRui24Ge3CKKx
2025-01-01 08:39:43 info: callback_query => BACK_MAIN
2025-01-01 09:39:59 info: callback_query => SETTINGS_MENU
2025-01-01 09:40:01 info: callback_query => VIEW_PRIVKEY
2025-01-01 10:03:31 info: Telegram bot started...
2025-01-01 10:03:31 info: Connected to SQLite database.
2025-01-01 10:03:31 info: Initialized min_auto_trade_usd to 500 in config table.
2025-01-01 10:03:35 info: callback_query => BACK_MAIN
2025-01-01 10:03:42 info: /start => 1277452628
2025-01-01 10:03:46 info: callback_query => CREATE_WALLET
2025-01-01 10:03:46 info: Creating new keypair...
2025-01-01 10:03:53 info: callback_query => AUTO_TRADE
2025-01-01 10:04:12 info: callback_query => SETTINGS_MENU
2025-01-01 10:04:16 info: callback_query => BACK_MAIN
2025-01-01 10:04:16 info: callback_query => BACK_MAIN
2025-01-01 10:04:18 error: Error editing message: ETELEGRAM: 400 Bad Request: message is not modified: specified new message content and reply markup are exactly the same as a current content and reply markup of the message
2025-01-01 10:04:25 info: callback_query => CHECK_BAL
2025-01-01 10:04:28 info: callback_query => BACK_MAIN
2025-01-01 10:04:31 info: callback_query => SETTINGS_MENU
2025-01-01 10:04:31 info: callback_query => SETTINGS_MENU
2025-01-01 10:04:32 error: Error editing message: ETELEGRAM: 400 Bad Request: message is not modified: specified new message content and reply markup are exactly the same as a current content and reply markup of the message
2025-01-01 10:04:34 info: callback_query => BACK_MAIN
2025-01-01 10:04:36 info: callback_query => BUY_MENU
2025-01-01 10:04:40 info: callback_query => BACK_MAIN
2025-01-01 10:04:42 error: Error fetching SOL price: Request failed with status code 429
2025-01-01 10:04:44 info: callback_query => SETTINGS_MENU
2025-01-01 10:04:46 info: callback_query => REMOVE_WALLET
2025-01-01 10:05:04 info: /start => 1277452628
2025-01-01 10:05:06 info: callback_query => IMPORT_WALLET
2025-01-01 10:05:21 error: Error fetching SOL price: Request failed with status code 429
2025-01-01 10:05:26 info: callback_query => SETTINGS_MENU
2025-01-01 10:05:30 info: callback_query => SET_PIN
2025-01-01 10:05:32 info: callback_query => VIEW_PRIVKEY
2025-01-01 10:05:32 info: callback_query => VIEW_PRIVKEY
2025-01-01 10:06:00 info: callback_query => BACK_MAIN
2025-01-01 10:06:00 info: callback_query => BACK_MAIN
2025-01-01 10:06:07 info: /start => 7904990459
2025-01-01 10:06:10 info: callback_query => CREATE_WALLET
2025-01-01 10:06:10 info: callback_query => CREATE_WALLET
2025-01-01 10:06:10 info: Creating new keypair...
2025-01-01 10:06:10 info: Creating new keypair...
2025-01-01 10:06:15 info: callback_query => SETTINGS_MENU
2025-01-01 10:06:15 info: callback_query => SETTINGS_MENU
2025-01-01 10:06:15 error: Error editing message: ETELEGRAM: 400 Bad Request: message is not modified: specified new message content and reply markup are exactly the same as a current content and reply markup of the message
2025-01-01 10:06:17 info: callback_query => VIEW_PRIVKEY
2025-01-01 10:06:43 info: callback_query => VIEW_PRIVKEY
2025-01-01 10:06:55 info: callback_query => SET_PIN
2025-01-01 10:06:55 info: callback_query => SET_PIN
2025-01-01 10:07:04 info: callback_query => VIEW_PRIVKEY
2025-01-01 10:07:04 info: callback_query => VIEW_PRIVKEY
2025-01-01 10:20:57 info: callback_query => BACK_MAIN
2025-01-01 10:21:05 info: callback_query => REFRESH
2025-01-01 10:21:06 error: Error editing message: ETELEGRAM: 400 Bad Request: message is not modified: specified new message content and reply markup are exactly the same as a current content and reply markup of the message
2025-01-01 10:21:10 info: callback_query => REFRESH
2025-01-01 10:21:12 error: Error editing message: ETELEGRAM: 400 Bad Request: message is not modified: specified new message content and reply markup are exactly the same as a current content and reply markup of the message
2025-01-01 10:21:29 info: Telegram bot started...
2025-01-01 10:21:29 info: Connected to SQLite database.
2025-01-01 10:21:33 info: callback_query => REFRESH
2025-01-01 10:21:43 info: callback_query => REFRESH
2025-01-01 10:21:47 error: Error editing message: ETELEGRAM: 400 Bad Request: message is not modified: specified new message content and reply markup are exactly the same as a current content and reply markup of the message
2025-01-01 10:21:52 error: Error editing message: ETELEGRAM: 400 Bad Request: message is not modified: specified new message content and reply markup are exactly the same as a current content and reply markup of the message
2025-01-01 10:22:04 info: callback_query => AUTO_TRADE
2025-01-01 10:22:09 info: callback_query => AUTO_TRADE
2025-01-01 10:25:53 info: Telegram bot started...
2025-01-01 10:25:53 info: Connected to SQLite database.
2025-01-01 10:26:01 info: callback_query => REFRESH
2025-01-01 10:26:06 info: callback_query => REFRESH
2025-01-01 10:26:07 error: Error editing message: ETELEGRAM: 400 Bad Request: message is not modified: specified new message content and reply markup are exactly the same as a current content and reply markup of the message
2025-01-01 10:26:11 info: callback_query => AUTO_TRADE
2025-01-01 10:26:17 info: callback_query => BACK_MAIN
2025-01-01 10:45:56 info: callback_query => SETTINGS_MENU
2025-01-01 10:46:00 info: callback_query => REFRESH
2025-01-01 10:46:02 info: callback_query => REFRESH
2025-01-01 10:46:06 info: callback_query => BUY_MENU
2025-01-01 10:46:09 info: callback_query => SETTINGS_MENU
2025-01-01 10:46:19 info: /start => 6940263311
2025-01-01 10:46:22 info: callback_query => CREATE_WALLET
2025-01-01 10:46:22 info: Creating new keypair...
2025-01-01 10:46:53 info: callback_query => SETTINGS_MENU
2025-01-01 10:46:58 info: callback_query => VIEW_PRIVKEY
2025-01-01 11:13:10 info: Telegram bot started...
2025-01-01 11:13:10 info: Connected to SQLite database.
2025-01-01 11:13:21 info: callback_query => REFRESH
